<?xml version="1.0" encoding="UTF-8"?>
<!-- Generated by org.testng.reporters.JUnitReportReporter -->
<testsuite hostname="DESKTOP-6GN1OQ2" failures="0" tests="1" name="Testcases.case1" time="15.654" errors="0" timestamp="2022-01-21T15:05:54 GMT-05:00" skipped="0">
  <testcase classname="Testcases.case1" name="case_1" time="15.654"/>
  <system-out/>
</testsuite> <!-- Testcases.case1 -->
